This file contains any messages produced by compilers while
running configure, to aid debugging if configure makes a mistake.

It was created by configure, which was
generated by GNU Autoconf 2.71.  Invocation command line was

  $ ./configure

## --------- ##
## Platform. ##
## --------- ##

hostname = flexo
uname -m = x86_64
uname -r = 6.14.8-300.fc42.x86_64
uname -s = Linux
uname -v = #1 SMP PREEMPT_DYNAMIC Thu May 22 19:26:02 UTC 2025

/usr/bin/uname -p = unknown
/bin/uname -X     = unknown

/bin/arch              = x86_64
/usr/bin/arch -k       = unknown
/usr/convex/getsysinfo = unknown
/usr/bin/hostinfo      = unknown
/bin/machine           = unknown
/usr/bin/oslevel       = unknown
/bin/universe          = unknown

PATH: /home/bdwheele/.local/share/reflex/bun/bin/
PATH: /home/bdwheele/perl5/bin/
PATH: /usr/local/go/bin/
PATH: /home/bdwheele/.local/share/reflex/bun/bin/
PATH: /home/bdwheele/perl5/bin/
PATH: /home/bdwheele/.local/bin/
PATH: /home/bdwheele/bin/
PATH: /usr/lib/qtchooser/
PATH: /usr/lib64/ccache/
PATH: /usr/local/bin/
PATH: /usr/bin/
PATH: /usr/sbin/


## ----------- ##
## Core tests. ##
## ----------- ##

configure:2397: looking for aux files: install-sh config.guess config.sub
configure:2410:  trying ./
configure:2421:   ./install-sh found
configure:2439:   ./config.guess found
configure:2439:   ./config.sub found
configure:2559: checking build system type
configure:2574: result: x86_64-pc-linux-gnu
configure:2594: checking host system type
configure:2608: result: x86_64-pc-linux-gnu
configure:2711: checking for gcc
configure:2732: found /usr/lib64/ccache/gcc
configure:2743: result: gcc
configure:3096: checking for C compiler version
configure:3105: gcc --version >&5
gcc (GCC) 15.1.1 20250521 (Red Hat 15.1.1-2)
Copyright (C) 2025 Free Software Foundation, Inc.
This is free software; see the source for copying conditions.  There is NO
warranty; not even for MERCHANTABILITY or FITNESS FOR A PARTICULAR PURPOSE.

configure:3116: $? = 0
configure:3105: gcc -v >&5
Using built-in specs.
COLLECT_GCC=/usr/bin/gcc
COLLECT_LTO_WRAPPER=/usr/libexec/gcc/x86_64-redhat-linux/15/lto-wrapper
OFFLOAD_TARGET_NAMES=nvptx-none:amdgcn-amdhsa
OFFLOAD_TARGET_DEFAULT=1
Target: x86_64-redhat-linux
Configured with: ../configure --enable-bootstrap --enable-languages=c,c++,fortran,objc,obj-c++,ada,go,d,m2,cobol,lto --prefix=/usr --mandir=/usr/share/man --infodir=/usr/share/info --with-bugurl=http://bugzilla.redhat.com/bugzilla --enable-shared --enable-threads=posix --enable-checking=release --enable-multilib --with-system-zlib --enable-__cxa_atexit --disable-libunwind-exceptions --enable-gnu-unique-object --enable-linker-build-id --with-gcc-major-version-only --enable-libstdcxx-backtrace --with-libstdcxx-zoneinfo=/usr/share/zoneinfo --with-linker-hash-style=gnu --enable-plugin --enable-initfini-array --with-isl=/builddir/build/BUILD/gcc-15.1.1-build/gcc-15.1.1-20250521/obj-x86_64-redhat-linux/isl-install --enable-offload-targets=nvptx-none,amdgcn-amdhsa --enable-offload-defaulted --without-cuda-driver --enable-gnu-indirect-function --enable-cet --with-tune=generic --with-arch_32=i686 --build=x86_64-redhat-linux --with-build-config=bootstrap-lto --enable-link-serialization=1
Thread model: posix
Supported LTO compression algorithms: zlib zstd
gcc version 15.1.1 20250521 (Red Hat 15.1.1-2) (GCC) 
... rest of stderr output deleted ...
configure:3116: $? = 0
configure:3105: gcc -V >&5
gcc: error: unrecognized command-line option '-V'
gcc: fatal error: no input files
compilation terminated.
configure:3116: $? = 1
configure:3105: gcc -qversion >&5
gcc: error: unrecognized command-line option '-qversion'; did you mean '--version'?
gcc: fatal error: no input files
compilation terminated.
configure:3116: $? = 1
configure:3105: gcc -version >&5
gcc: error: unrecognized command-line option '-version'
gcc: fatal error: no input files
compilation terminated.
configure:3116: $? = 1
configure:3136: checking whether the C compiler works
configure:3158: gcc    conftest.c  >&5
configure:3162: $? = 0
configure:3212: result: yes
configure:3215: checking for C compiler default output file name
configure:3217: result: a.out
configure:3223: checking for suffix of executables
configure:3230: gcc -o conftest    conftest.c  >&5
configure:3234: $? = 0
configure:3257: result: 
configure:3279: checking whether we are cross compiling
configure:3287: gcc -o conftest    conftest.c  >&5
configure:3291: $? = 0
configure:3298: ./conftest
configure:3302: $? = 0
configure:3317: result: no
configure:3322: checking for suffix of object files
configure:3345: gcc -c   conftest.c >&5
configure:3349: $? = 0
configure:3371: result: o
configure:3375: checking whether the compiler supports GNU C
configure:3395: gcc -c   conftest.c >&5
configure:3395: $? = 0
configure:3405: result: yes
configure:3416: checking whether gcc accepts -g
configure:3437: gcc -c -g  conftest.c >&5
configure:3437: $? = 0
configure:3481: result: yes
configure:3501: checking for gcc option to enable C11 features
configure:3516: gcc  -c -g -O2  conftest.c >&5
conftest.c: In function 'e':
conftest.c:23:14: warning: old-style function definition [-Wold-style-definition]
   23 | static char *e (p, i)
      |              ^
configure:3516: $? = 0
configure:3534: result: none needed
configure:3659: checking for a BSD-compatible install
configure:3732: result: /usr/bin/install -c
configure:3748: checking how to run the C preprocessor
configure:3774: gcc -E  conftest.c
configure:3774: $? = 0
configure:3789: gcc -E  conftest.c
conftest.c:9:10: fatal error: ac_nonexistent.h: No such file or directory
    9 | #include <ac_nonexistent.h>
      |          ^~~~~~~~~~~~~~~~~~
compilation terminated.
configure:3789: $? = 1
configure: failed program was:
| /* confdefs.h */
| #define PACKAGE_NAME ""
| #define PACKAGE_TARNAME ""
| #define PACKAGE_VERSION ""
| #define PACKAGE_STRING ""
| #define PACKAGE_BUGREPORT ""
| #define PACKAGE_URL ""
| /* end confdefs.h.  */
| #include <ac_nonexistent.h>
configure:3816: result: gcc -E
configure:3830: gcc -E  conftest.c
configure:3830: $? = 0
configure:3845: gcc -E  conftest.c
conftest.c:9:10: fatal error: ac_nonexistent.h: No such file or directory
    9 | #include <ac_nonexistent.h>
      |          ^~~~~~~~~~~~~~~~~~
compilation terminated.
configure:3845: $? = 1
configure: failed program was:
| /* confdefs.h */
| #define PACKAGE_NAME ""
| #define PACKAGE_TARNAME ""
| #define PACKAGE_VERSION ""
| #define PACKAGE_STRING ""
| #define PACKAGE_BUGREPORT ""
| #define PACKAGE_URL ""
| /* end confdefs.h.  */
| #include <ac_nonexistent.h>
configure:3916: checking for printw in -lcurses
configure:3939: gcc -o conftest -g -O2 -pipe -Wall -Wextra -Wshadow -Wno-unused-parameter -Wunused -Wbad-function-cast -Wmissing-prototypes -Wstrict-prototypes -Wcast-align -Wcast-qual -Wpointer-arith -Wwrite-strings -Wmissing-declarations -Wnested-externs -Wundef -pedantic -fno-common   -g conftest.c -lcurses   >&5
/usr/bin/ld: cannot find -lcurses: No such file or directory
collect2: error: ld returned 1 exit status
configure:3939: $? = 1
configure: failed program was:
| /* confdefs.h */
| #define PACKAGE_NAME ""
| #define PACKAGE_TARNAME ""
| #define PACKAGE_VERSION ""
| #define PACKAGE_STRING ""
| #define PACKAGE_BUGREPORT ""
| #define PACKAGE_URL ""
| /* end confdefs.h.  */
| 
| /* Override any GCC internal prototype to avoid an error.
|    Use char because int might match the return type of a GCC
|    builtin and then its argument prototype would still apply.  */
| char printw ();
| int
| main (void)
| {
| return printw ();
|   ;
|   return 0;
| }
configure:3949: result: no
configure:3959: checking for printw in -lncurses
configure:3982: gcc -o conftest -g -O2 -pipe -Wall -Wextra -Wshadow -Wno-unused-parameter -Wunused -Wbad-function-cast -Wmissing-prototypes -Wstrict-prototypes -Wcast-align -Wcast-qual -Wpointer-arith -Wwrite-strings -Wmissing-declarations -Wnested-externs -Wundef -pedantic -fno-common   -g conftest.c -lncurses   >&5
/usr/bin/ld: cannot find -lncurses: No such file or directory
collect2: error: ld returned 1 exit status
configure:3982: $? = 1
configure: failed program was:
| /* confdefs.h */
| #define PACKAGE_NAME ""
| #define PACKAGE_TARNAME ""
| #define PACKAGE_VERSION ""
| #define PACKAGE_STRING ""
| #define PACKAGE_BUGREPORT ""
| #define PACKAGE_URL ""
| /* end confdefs.h.  */
| 
| /* Override any GCC internal prototype to avoid an error.
|    Use char because int might match the return type of a GCC
|    builtin and then its argument prototype would still apply.  */
| char printw ();
| int
| main (void)
| {
| return printw ();
|   ;
|   return 0;
| }
configure:3992: result: no
configure:4108: checking for fcntl.h
configure:4108: gcc -c -g -O2 -pipe -Wall -Wextra -Wshadow -Wno-unused-parameter -Wunused -Wbad-function-cast -Wmissing-prototypes -Wstrict-prototypes -Wcast-align -Wcast-qual -Wpointer-arith -Wwrite-strings -Wmissing-declarations -Wnested-externs -Wundef -pedantic -fno-common  conftest.c >&5
configure:4108: $? = 0
configure:4108: result: yes
configure:4114: checking for sys/types.h
configure:4114: gcc -c -g -O2 -pipe -Wall -Wextra -Wshadow -Wno-unused-parameter -Wunused -Wbad-function-cast -Wmissing-prototypes -Wstrict-prototypes -Wcast-align -Wcast-qual -Wpointer-arith -Wwrite-strings -Wmissing-declarations -Wnested-externs -Wundef -pedantic -fno-common  conftest.c >&5
configure:4114: $? = 0
configure:4114: result: yes
configure:4120: checking for sys/stat.h
configure:4120: gcc -c -g -O2 -pipe -Wall -Wextra -Wshadow -Wno-unused-parameter -Wunused -Wbad-function-cast -Wmissing-prototypes -Wstrict-prototypes -Wcast-align -Wcast-qual -Wpointer-arith -Wwrite-strings -Wmissing-declarations -Wnested-externs -Wundef -pedantic -fno-common  conftest.c >&5
configure:4120: $? = 0
configure:4120: result: yes
configure:4126: checking for limits.h
configure:4126: gcc -c -g -O2 -pipe -Wall -Wextra -Wshadow -Wno-unused-parameter -Wunused -Wbad-function-cast -Wmissing-prototypes -Wstrict-prototypes -Wcast-align -Wcast-qual -Wpointer-arith -Wwrite-strings -Wmissing-declarations -Wnested-externs -Wundef -pedantic -fno-common  conftest.c >&5
configure:4126: $? = 0
configure:4126: result: yes
configure:4132: checking for unistd.h
configure:4132: gcc -c -g -O2 -pipe -Wall -Wextra -Wshadow -Wno-unused-parameter -Wunused -Wbad-function-cast -Wmissing-prototypes -Wstrict-prototypes -Wcast-align -Wcast-qual -Wpointer-arith -Wwrite-strings -Wmissing-declarations -Wnested-externs -Wundef -pedantic -fno-common  conftest.c >&5
configure:4132: $? = 0
configure:4132: result: yes
configure:4138: checking for sys/utime.h
configure:4138: gcc -c -g -O2 -pipe -Wall -Wextra -Wshadow -Wno-unused-parameter -Wunused -Wbad-function-cast -Wmissing-prototypes -Wstrict-prototypes -Wcast-align -Wcast-qual -Wpointer-arith -Wwrite-strings -Wmissing-declarations -Wnested-externs -Wundef -pedantic -fno-common  conftest.c >&5
conftest.c:42:10: fatal error: sys/utime.h: No such file or directory
   42 | #include <sys/utime.h>
      |          ^~~~~~~~~~~~~
compilation terminated.
configure:4138: $? = 1
configure: failed program was:
| /* confdefs.h */
| #define PACKAGE_NAME ""
| #define PACKAGE_TARNAME ""
| #define PACKAGE_VERSION ""
| #define PACKAGE_STRING ""
| #define PACKAGE_BUGREPORT ""
| #define PACKAGE_URL ""
| #define HAVE_FCNTL_H 1
| #define HAVE_SYS_TYPES_H 1
| #define HAVE_SYS_STAT_H 1
| #define HAVE_LIMITS_H 1
| #define HAVE_UNISTD_H 1
| /* end confdefs.h.  */
| #include <stddef.h>
| #ifdef HAVE_STDIO_H
| # include <stdio.h>
| #endif
| #ifdef HAVE_STDLIB_H
| # include <stdlib.h>
| #endif
| #ifdef HAVE_STRING_H
| # include <string.h>
| #endif
| #ifdef HAVE_INTTYPES_H
| # include <inttypes.h>
| #endif
| #ifdef HAVE_STDINT_H
| # include <stdint.h>
| #endif
| #ifdef HAVE_STRINGS_H
| # include <strings.h>
| #endif
| #ifdef HAVE_SYS_TYPES_H
| # include <sys/types.h>
| #endif
| #ifdef HAVE_SYS_STAT_H
| # include <sys/stat.h>
| #endif
| #ifdef HAVE_UNISTD_H
| # include <unistd.h>
| #endif
| #include <sys/utime.h>
configure:4138: result: no
configure:4144: checking for utime.h
configure:4144: gcc -c -g -O2 -pipe -Wall -Wextra -Wshadow -Wno-unused-parameter -Wunused -Wbad-function-cast -Wmissing-prototypes -Wstrict-prototypes -Wcast-align -Wcast-qual -Wpointer-arith -Wwrite-strings -Wmissing-declarations -Wnested-externs -Wundef -pedantic -fno-common  conftest.c >&5
configure:4144: $? = 0
configure:4144: result: yes
configure:4152: checking for an ANSI C-conforming const
configure:4219: gcc -c -g -O2 -pipe -Wall -Wextra -Wshadow -Wno-unused-parameter -Wunused -Wbad-function-cast -Wmissing-prototypes -Wstrict-prototypes -Wcast-align -Wcast-qual -Wpointer-arith -Wwrite-strings -Wmissing-declarations -Wnested-externs -Wundef -pedantic -fno-common  conftest.c >&5
conftest.c: In function 'main':
conftest.c:38:9: warning: cast discards 'const' qualifier from pointer target type [-Wcast-qual]
   38 |   ppc = (char**) pcpcc;
      |         ^
configure:4219: $? = 0
configure:4227: result: yes
configure:4235: checking for mode_t
configure:4235: gcc -c -g -O2 -pipe -Wall -Wextra -Wshadow -Wno-unused-parameter -Wunused -Wbad-function-cast -Wmissing-prototypes -Wstrict-prototypes -Wcast-align -Wcast-qual -Wpointer-arith -Wwrite-strings -Wmissing-declarations -Wnested-externs -Wundef -pedantic -fno-common  conftest.c >&5
configure:4235: $? = 0
configure:4235: gcc -c -g -O2 -pipe -Wall -Wextra -Wshadow -Wno-unused-parameter -Wunused -Wbad-function-cast -Wmissing-prototypes -Wstrict-prototypes -Wcast-align -Wcast-qual -Wpointer-arith -Wwrite-strings -Wmissing-declarations -Wnested-externs -Wundef -pedantic -fno-common  conftest.c >&5
conftest.c: In function 'main':
conftest.c:46:21: error: expected expression before ')' token
   46 | if (sizeof ((mode_t)))
      |                     ^
configure:4235: $? = 1
configure: failed program was:
| /* confdefs.h */
| #define PACKAGE_NAME ""
| #define PACKAGE_TARNAME ""
| #define PACKAGE_VERSION ""
| #define PACKAGE_STRING ""
| #define PACKAGE_BUGREPORT ""
| #define PACKAGE_URL ""
| #define HAVE_FCNTL_H 1
| #define HAVE_SYS_TYPES_H 1
| #define HAVE_SYS_STAT_H 1
| #define HAVE_LIMITS_H 1
| #define HAVE_UNISTD_H 1
| #define HAVE_UTIME_H 1
| /* end confdefs.h.  */
| #include <stddef.h>
| #ifdef HAVE_STDIO_H
| # include <stdio.h>
| #endif
| #ifdef HAVE_STDLIB_H
| # include <stdlib.h>
| #endif
| #ifdef HAVE_STRING_H
| # include <string.h>
| #endif
| #ifdef HAVE_INTTYPES_H
| # include <inttypes.h>
| #endif
| #ifdef HAVE_STDINT_H
| # include <stdint.h>
| #endif
| #ifdef HAVE_STRINGS_H
| # include <strings.h>
| #endif
| #ifdef HAVE_SYS_TYPES_H
| # include <sys/types.h>
| #endif
| #ifdef HAVE_SYS_STAT_H
| # include <sys/stat.h>
| #endif
| #ifdef HAVE_UNISTD_H
| # include <unistd.h>
| #endif
| int
| main (void)
| {
| if (sizeof ((mode_t)))
| 	    return 0;
|   ;
|   return 0;
| }
configure:4235: result: yes
configure:4245: checking for off_t
configure:4245: gcc -c -g -O2 -pipe -Wall -Wextra -Wshadow -Wno-unused-parameter -Wunused -Wbad-function-cast -Wmissing-prototypes -Wstrict-prototypes -Wcast-align -Wcast-qual -Wpointer-arith -Wwrite-strings -Wmissing-declarations -Wnested-externs -Wundef -pedantic -fno-common  conftest.c >&5
configure:4245: $? = 0
configure:4245: gcc -c -g -O2 -pipe -Wall -Wextra -Wshadow -Wno-unused-parameter -Wunused -Wbad-function-cast -Wmissing-prototypes -Wstrict-prototypes -Wcast-align -Wcast-qual -Wpointer-arith -Wwrite-strings -Wmissing-declarations -Wnested-externs -Wundef -pedantic -fno-common  conftest.c >&5
conftest.c: In function 'main':
conftest.c:46:20: error: expected expression before ')' token
   46 | if (sizeof ((off_t)))
      |                    ^
configure:4245: $? = 1
configure: failed program was:
| /* confdefs.h */
| #define PACKAGE_NAME ""
| #define PACKAGE_TARNAME ""
| #define PACKAGE_VERSION ""
| #define PACKAGE_STRING ""
| #define PACKAGE_BUGREPORT ""
| #define PACKAGE_URL ""
| #define HAVE_FCNTL_H 1
| #define HAVE_SYS_TYPES_H 1
| #define HAVE_SYS_STAT_H 1
| #define HAVE_LIMITS_H 1
| #define HAVE_UNISTD_H 1
| #define HAVE_UTIME_H 1
| /* end confdefs.h.  */
| #include <stddef.h>
| #ifdef HAVE_STDIO_H
| # include <stdio.h>
| #endif
| #ifdef HAVE_STDLIB_H
| # include <stdlib.h>
| #endif
| #ifdef HAVE_STRING_H
| # include <string.h>
| #endif
| #ifdef HAVE_INTTYPES_H
| # include <inttypes.h>
| #endif
| #ifdef HAVE_STDINT_H
| # include <stdint.h>
| #endif
| #ifdef HAVE_STRINGS_H
| # include <strings.h>
| #endif
| #ifdef HAVE_SYS_TYPES_H
| # include <sys/types.h>
| #endif
| #ifdef HAVE_SYS_STAT_H
| # include <sys/stat.h>
| #endif
| #ifdef HAVE_UNISTD_H
| # include <unistd.h>
| #endif
| int
| main (void)
| {
| if (sizeof ((off_t)))
| 	    return 0;
|   ;
|   return 0;
| }
configure:4245: result: yes
configure:4256: checking for pid_t
configure:4256: gcc -c -g -O2 -pipe -Wall -Wextra -Wshadow -Wno-unused-parameter -Wunused -Wbad-function-cast -Wmissing-prototypes -Wstrict-prototypes -Wcast-align -Wcast-qual -Wpointer-arith -Wwrite-strings -Wmissing-declarations -Wnested-externs -Wundef -pedantic -fno-common  conftest.c >&5
configure:4256: $? = 0
configure:4256: gcc -c -g -O2 -pipe -Wall -Wextra -Wshadow -Wno-unused-parameter -Wunused -Wbad-function-cast -Wmissing-prototypes -Wstrict-prototypes -Wcast-align -Wcast-qual -Wpointer-arith -Wwrite-strings -Wmissing-declarations -Wnested-externs -Wundef -pedantic -fno-common  conftest.c >&5
conftest.c: In function 'main':
conftest.c:47:20: error: expected expression before ')' token
   47 | if (sizeof ((pid_t)))
      |                    ^
configure:4256: $? = 1
configure: failed program was:
| /* confdefs.h */
| #define PACKAGE_NAME ""
| #define PACKAGE_TARNAME ""
| #define PACKAGE_VERSION ""
| #define PACKAGE_STRING ""
| #define PACKAGE_BUGREPORT ""
| #define PACKAGE_URL ""
| #define HAVE_FCNTL_H 1
| #define HAVE_SYS_TYPES_H 1
| #define HAVE_SYS_STAT_H 1
| #define HAVE_LIMITS_H 1
| #define HAVE_UNISTD_H 1
| #define HAVE_UTIME_H 1
| /* end confdefs.h.  */
| #include <stddef.h>
| #ifdef HAVE_STDIO_H
| # include <stdio.h>
| #endif
| #ifdef HAVE_STDLIB_H
| # include <stdlib.h>
| #endif
| #ifdef HAVE_STRING_H
| # include <string.h>
| #endif
| #ifdef HAVE_INTTYPES_H
| # include <inttypes.h>
| #endif
| #ifdef HAVE_STDINT_H
| # include <stdint.h>
| #endif
| #ifdef HAVE_STRINGS_H
| # include <strings.h>
| #endif
| #ifdef HAVE_SYS_TYPES_H
| # include <sys/types.h>
| #endif
| #ifdef HAVE_SYS_STAT_H
| # include <sys/stat.h>
| #endif
| #ifdef HAVE_UNISTD_H
| # include <unistd.h>
| #endif
| 
| int
| main (void)
| {
| if (sizeof ((pid_t)))
| 	    return 0;
|   ;
|   return 0;
| }
configure:4256: result: yes
configure:4292: checking for size_t
configure:4292: gcc -c -g -O2 -pipe -Wall -Wextra -Wshadow -Wno-unused-parameter -Wunused -Wbad-function-cast -Wmissing-prototypes -Wstrict-prototypes -Wcast-align -Wcast-qual -Wpointer-arith -Wwrite-strings -Wmissing-declarations -Wnested-externs -Wundef -pedantic -fno-common  conftest.c >&5
configure:4292: $? = 0
configure:4292: gcc -c -g -O2 -pipe -Wall -Wextra -Wshadow -Wno-unused-parameter -Wunused -Wbad-function-cast -Wmissing-prototypes -Wstrict-prototypes -Wcast-align -Wcast-qual -Wpointer-arith -Wwrite-strings -Wmissing-declarations -Wnested-externs -Wundef -pedantic -fno-common  conftest.c >&5
conftest.c: In function 'main':
conftest.c:46:21: error: expected expression before ')' token
   46 | if (sizeof ((size_t)))
      |                     ^
configure:4292: $? = 1
configure: failed program was:
| /* confdefs.h */
| #define PACKAGE_NAME ""
| #define PACKAGE_TARNAME ""
| #define PACKAGE_VERSION ""
| #define PACKAGE_STRING ""
| #define PACKAGE_BUGREPORT ""
| #define PACKAGE_URL ""
| #define HAVE_FCNTL_H 1
| #define HAVE_SYS_TYPES_H 1
| #define HAVE_SYS_STAT_H 1
| #define HAVE_LIMITS_H 1
| #define HAVE_UNISTD_H 1
| #define HAVE_UTIME_H 1
| /* end confdefs.h.  */
| #include <stddef.h>
| #ifdef HAVE_STDIO_H
| # include <stdio.h>
| #endif
| #ifdef HAVE_STDLIB_H
| # include <stdlib.h>
| #endif
| #ifdef HAVE_STRING_H
| # include <string.h>
| #endif
| #ifdef HAVE_INTTYPES_H
| # include <inttypes.h>
| #endif
| #ifdef HAVE_STDINT_H
| # include <stdint.h>
| #endif
| #ifdef HAVE_STRINGS_H
| # include <strings.h>
| #endif
| #ifdef HAVE_SYS_TYPES_H
| # include <sys/types.h>
| #endif
| #ifdef HAVE_SYS_STAT_H
| # include <sys/stat.h>
| #endif
| #ifdef HAVE_UNISTD_H
| # include <unistd.h>
| #endif
| int
| main (void)
| {
| if (sizeof ((size_t)))
| 	    return 0;
|   ;
|   return 0;
| }
configure:4292: result: yes
configure:4302: checking for ssize_t
configure:4302: gcc -c -g -O2 -pipe -Wall -Wextra -Wshadow -Wno-unused-parameter -Wunused -Wbad-function-cast -Wmissing-prototypes -Wstrict-prototypes -Wcast-align -Wcast-qual -Wpointer-arith -Wwrite-strings -Wmissing-declarations -Wnested-externs -Wundef -pedantic -fno-common  conftest.c >&5
configure:4302: $? = 0
configure:4302: gcc -c -g -O2 -pipe -Wall -Wextra -Wshadow -Wno-unused-parameter -Wunused -Wbad-function-cast -Wmissing-prototypes -Wstrict-prototypes -Wcast-align -Wcast-qual -Wpointer-arith -Wwrite-strings -Wmissing-declarations -Wnested-externs -Wundef -pedantic -fno-common  conftest.c >&5
conftest.c: In function 'main':
conftest.c:46:22: error: expected expression before ')' token
   46 | if (sizeof ((ssize_t)))
      |                      ^
configure:4302: $? = 1
configure: failed program was:
| /* confdefs.h */
| #define PACKAGE_NAME ""
| #define PACKAGE_TARNAME ""
| #define PACKAGE_VERSION ""
| #define PACKAGE_STRING ""
| #define PACKAGE_BUGREPORT ""
| #define PACKAGE_URL ""
| #define HAVE_FCNTL_H 1
| #define HAVE_SYS_TYPES_H 1
| #define HAVE_SYS_STAT_H 1
| #define HAVE_LIMITS_H 1
| #define HAVE_UNISTD_H 1
| #define HAVE_UTIME_H 1
| /* end confdefs.h.  */
| #include <stddef.h>
| #ifdef HAVE_STDIO_H
| # include <stdio.h>
| #endif
| #ifdef HAVE_STDLIB_H
| # include <stdlib.h>
| #endif
| #ifdef HAVE_STRING_H
| # include <string.h>
| #endif
| #ifdef HAVE_INTTYPES_H
| # include <inttypes.h>
| #endif
| #ifdef HAVE_STDINT_H
| # include <stdint.h>
| #endif
| #ifdef HAVE_STRINGS_H
| # include <strings.h>
| #endif
| #ifdef HAVE_SYS_TYPES_H
| # include <sys/types.h>
| #endif
| #ifdef HAVE_SYS_STAT_H
| # include <sys/stat.h>
| #endif
| #ifdef HAVE_UNISTD_H
| # include <unistd.h>
| #endif
| int
| main (void)
| {
| if (sizeof ((ssize_t)))
| 	    return 0;
|   ;
|   return 0;
| }
configure:4302: result: yes
configure:4312: checking whether struct tm is in sys/time.h or time.h
configure:4333: gcc -c -g -O2 -pipe -Wall -Wextra -Wshadow -Wno-unused-parameter -Wunused -Wbad-function-cast -Wmissing-prototypes -Wstrict-prototypes -Wcast-align -Wcast-qual -Wpointer-arith -Wwrite-strings -Wmissing-declarations -Wnested-externs -Wundef -pedantic -fno-common  conftest.c >&5
configure:4333: $? = 0
configure:4341: result: time.h
configure:4359: checking for special C compiler options needed for large files
configure:4407: result: no
configure:4413: checking for _FILE_OFFSET_BITS value needed for large files
configure:4439: gcc -c -g -O2 -pipe -Wall -Wextra -Wshadow -Wno-unused-parameter -Wunused -Wbad-function-cast -Wmissing-prototypes -Wstrict-prototypes -Wcast-align -Wcast-qual -Wpointer-arith -Wwrite-strings -Wmissing-declarations -Wnested-externs -Wundef -pedantic -fno-common  conftest.c >&5
configure:4439: $? = 0
configure:4473: result: no
configure:4560: checking for working memcmp
configure:4605: gcc -o conftest -g -O2 -pipe -Wall -Wextra -Wshadow -Wno-unused-parameter -Wunused -Wbad-function-cast -Wmissing-prototypes -Wstrict-prototypes -Wcast-align -Wcast-qual -Wpointer-arith -Wwrite-strings -Wmissing-declarations -Wnested-externs -Wundef -pedantic -fno-common   -g conftest.c  >&5
conftest.c: In function 'main':
conftest.c:49:7: error: implicit declaration of function 'memcmp' [-Wimplicit-function-declaration]
   49 |   if (memcmp(&c0, &c2, 1) >= 0 || memcmp(&c1, &c2, 1) >= 0)
      |       ^~~~~~
conftest.c:42:1: note: include '<string.h>' or provide a declaration of 'memcmp'
   41 | # include <unistd.h>
  +++ |+#include <string.h>
   42 | #endif
conftest.c:49:24: warning: 'memcmp' argument 3 type is 'int' where 'long unsigned int' is expected in a call to built-in function declared without prototype [-Wbuiltin-declaration-mismatch]
   49 |   if (memcmp(&c0, &c2, 1) >= 0 || memcmp(&c1, &c2, 1) >= 0)
      |                        ^
<built-in>: note: built-in 'memcmp' declared here
conftest.c:49:52: warning: 'memcmp' argument 3 type is 'int' where 'long unsigned int' is expected in a call to built-in function declared without prototype [-Wbuiltin-declaration-mismatch]
   49 |   if (memcmp(&c0, &c2, 1) >= 0 || memcmp(&c1, &c2, 1) >= 0)
      |                                                    ^
<built-in>: note: built-in 'memcmp' declared here
conftest.c:63:9: error: implicit declaration of function 'strcpy' [-Wimplicit-function-declaration]
   63 |         strcpy (a, "--------01111111");
      |         ^~~~~~
conftest.c:63:9: note: include '<string.h>' or provide a declaration of 'strcpy'
conftest.c:63:9: warning: incompatible implicit declaration of built-in function 'strcpy' [-Wbuiltin-declaration-mismatch]
conftest.c:63:9: note: include '<string.h>' or provide a declaration of 'strcpy'
conftest.c:65:27: warning: 'memcmp' argument 3 type is 'int' where 'long unsigned int' is expected in a call to built-in function declared without prototype [-Wbuiltin-declaration-mismatch]
   65 |         if (memcmp (a, b, 16) >= 0)
      |                           ^~
<built-in>: note: built-in 'memcmp' declared here
configure:4605: $? = 1
configure: program exited with status 1
configure: failed program was:
| /* confdefs.h */
| #define PACKAGE_NAME ""
| #define PACKAGE_TARNAME ""
| #define PACKAGE_VERSION ""
| #define PACKAGE_STRING ""
| #define PACKAGE_BUGREPORT ""
| #define PACKAGE_URL ""
| #define HAVE_FCNTL_H 1
| #define HAVE_SYS_TYPES_H 1
| #define HAVE_SYS_STAT_H 1
| #define HAVE_LIMITS_H 1
| #define HAVE_UNISTD_H 1
| #define HAVE_UTIME_H 1
| /* end confdefs.h.  */
| #include <stddef.h>
| #ifdef HAVE_STDIO_H
| # include <stdio.h>
| #endif
| #ifdef HAVE_STDLIB_H
| # include <stdlib.h>
| #endif
| #ifdef HAVE_STRING_H
| # include <string.h>
| #endif
| #ifdef HAVE_INTTYPES_H
| # include <inttypes.h>
| #endif
| #ifdef HAVE_STDINT_H
| # include <stdint.h>
| #endif
| #ifdef HAVE_STRINGS_H
| # include <strings.h>
| #endif
| #ifdef HAVE_SYS_TYPES_H
| # include <sys/types.h>
| #endif
| #ifdef HAVE_SYS_STAT_H
| # include <sys/stat.h>
| #endif
| #ifdef HAVE_UNISTD_H
| # include <unistd.h>
| #endif
| int
| main (void)
| {
| 
|   /* Some versions of memcmp are not 8-bit clean.  */
|   char c0 = '\100', c1 = '\200', c2 = '\201';
|   if (memcmp(&c0, &c2, 1) >= 0 || memcmp(&c1, &c2, 1) >= 0)
|     return 1;
| 
|   /* The Next x86 OpenStep bug shows up only when comparing 16 bytes
|      or more and with at least one buffer not starting on a 4-byte boundary.
|      William Lewis provided this test program.   */
|   {
|     char foo[21];
|     char bar[21];
|     int i;
|     for (i = 0; i < 4; i++)
|       {
| 	char *a = foo + i;
| 	char *b = bar + i;
| 	strcpy (a, "--------01111111");
| 	strcpy (b, "--------10000000");
| 	if (memcmp (a, b, 16) >= 0)
| 	  return 1;
|       }
|     return 0;
|   }
| 
|   ;
|   return 0;
| }
configure:4616: result: no
configure:4628: checking for strftime
configure:4628: gcc -o conftest -g -O2 -pipe -Wall -Wextra -Wshadow -Wno-unused-parameter -Wunused -Wbad-function-cast -Wmissing-prototypes -Wstrict-prototypes -Wcast-align -Wcast-qual -Wpointer-arith -Wwrite-strings -Wmissing-declarations -Wnested-externs -Wundef -pedantic -fno-common   -g conftest.c  >&5
conftest.c:31:6: warning: conflicting types for built-in function 'strftime'; expected 'long unsigned int(char *, long unsigned int,  const char *, const void *)' [-Wbuiltin-declaration-mismatch]
   31 | char strftime ();
      |      ^~~~~~~~
conftest.c:23:1: note: 'strftime' is declared in header '<time.h>'
   22 | #include <limits.h>
   23 | #undef strftime
configure:4628: $? = 0
configure:4628: result: yes
configure:4680: checking for mktime
configure:4680: gcc -o conftest -g -O2 -pipe -Wall -Wextra -Wshadow -Wno-unused-parameter -Wunused -Wbad-function-cast -Wmissing-prototypes -Wstrict-prototypes -Wcast-align -Wcast-qual -Wpointer-arith -Wwrite-strings -Wmissing-declarations -Wnested-externs -Wundef -pedantic -fno-common   -g conftest.c  >&5
configure:4680: $? = 0
configure:4680: result: yes
configure:4686: checking for strerror
configure:4686: gcc -o conftest -g -O2 -pipe -Wall -Wextra -Wshadow -Wno-unused-parameter -Wunused -Wbad-function-cast -Wmissing-prototypes -Wstrict-prototypes -Wcast-align -Wcast-qual -Wpointer-arith -Wwrite-strings -Wmissing-declarations -Wnested-externs -Wundef -pedantic -fno-common   -g conftest.c  >&5
configure:4686: $? = 0
configure:4686: result: yes
configure:4811: creating ./config.status

## ---------------------- ##
## Running config.status. ##
## ---------------------- ##

This file was extended by config.status, which was
generated by GNU Autoconf 2.71.  Invocation command line was

  CONFIG_FILES    = 
  CONFIG_HEADERS  = 
  CONFIG_LINKS    = 
  CONFIG_COMMANDS = 
  $ ./config.status 

on flexo

config.status:819: creating Makefile
config.status:819: creating cpm.5
config.status:819: creating cpmchattr.1
config.status:819: creating cpmchmod.1
config.status:819: creating cpmcp.1
config.status:819: creating cpmls.1
